c:\drive\othello\pro\othelloai\othelloai\debug\othelloai.pch
c:\drive\othello\pro\othelloai\othelloai\debug\vc120.pdb
c:\drive\othello\pro\othelloai\othelloai\debug\vc120.idb
c:\drive\othello\pro\othelloai\othelloai\debug\stdafx.obj
c:\drive\othello\pro\othelloai\othelloai\debug\baseai.obj
c:\drive\othello\pro\othelloai\othelloai\debug\myai.obj
c:\drive\othello\pro\othelloai\othelloai\debug\myai2.obj
c:\drive\othello\pro\othelloai\othelloai\debug\othello.obj
c:\drive\othello\pro\othelloai\othelloai\debug\othelloai.obj
c:\drive\othello\pro\othelloai\othelloai\debug\othelloaidlg.obj
c:\drive\othello\pro\othelloai\othelloai\debug\othellogic.obj
c:\drive\othello\pro\othelloai\othelloai\debug\player.obj
c:\drive\othello\pro\othelloai\othelloai\debug\sampleai.obj
c:\drive\othello\pro\othelloai\othelloai\debug\selectdig.obj
c:\drive\othello\pro\othelloai\othelloai\debug\tracks.obj
c:\drive\othello\pro\othelloai\debug\othelloai.ilk
c:\drive\othello\pro\othelloai\debug\othelloai.exe
c:\drive\othello\pro\othelloai\debug\othelloai.pdb
c:\drive\othello\pro\othelloai\othelloai\debug\othelloai.res
c:\drive\othello\pro\othelloai\othelloai\debug\othelloai.tlog\cl.command.1.tlog
c:\drive\othello\pro\othelloai\othelloai\debug\othelloai.tlog\cl.read.1.tlog
c:\drive\othello\pro\othelloai\othelloai\debug\othelloai.tlog\cl.write.1.tlog
c:\drive\othello\pro\othelloai\othelloai\debug\othelloai.tlog\link.command.1.tlog
c:\drive\othello\pro\othelloai\othelloai\debug\othelloai.tlog\link.read.1.tlog
c:\drive\othello\pro\othelloai\othelloai\debug\othelloai.tlog\link.write.1.tlog
c:\drive\othello\pro\othelloai\othelloai\debug\othelloai.tlog\rc.command.1.tlog
c:\drive\othello\pro\othelloai\othelloai\debug\othelloai.tlog\rc.read.1.tlog
c:\drive\othello\pro\othelloai\othelloai\debug\othelloai.tlog\rc.write.1.tlog
